<?xml version="1.0" encoding="UTF-8"?>
<!-- Generated by org.testng.reporters.JUnitReportReporter -->
<testsuite hostname="DESKTOP-FMVBIOI" failures="0" tests="2" name="checkoutCart.GuestCheckout" time="19.593" errors="0" timestamp="2022-03-27T08:33:24 CDT" skipped="0">
  <testcase classname="checkoutCart.GuestCheckout" name="homepageActions" time="3.424"/>
  <system-out/>
  <testcase classname="checkoutCart.GuestCheckout" name="storePageAction" time="16.169"/>
  <system-out/>
</testsuite> <!-- checkoutCart.GuestCheckout -->
