<?xml version="1.0" encoding="UTF-8"?>
<!-- Generated by org.testng.reporters.JUnitReportReporter -->
<testsuite hostname="DESKTOP-FMVBIOI" failures="0" tests="1" name="com.GujaratEnergy.seleniumMovie.base.BaseTest" time="0.013" errors="0" timestamp="2022-03-25T17:27:37 CDT" skipped="0">
  <testcase classname="com.GujaratEnergy.seleniumMovie.base.BaseTest" name="verifyTitlepage" time="0.013"/>
  <system-out/>
</testsuite> <!-- com.GujaratEnergy.seleniumMovie.base.BaseTest -->
