<?xml version="1.0" encoding="UTF-8"?>
<!-- Generated by org.testng.reporters.JUnitReportReporter -->
<testsuite hostname="DESKTOP-FMVBIOI" failures="0" tests="1" name="demov1.BaseTestv" time="0.007" errors="0" timestamp="2022-03-27T08:33:24 CDT" skipped="0">
  <testcase classname="demov1.BaseTestv" name="verifyTitlepage" time="0.007"/>
  <system-out/>
</testsuite> <!-- demov1.BaseTestv -->
